#
# A fatal error has been detected by the Java Runtime Environment:
#
#  EXCEPTION_ACCESS_VIOLATION (0xc0000005) at pc=0x00007ffa55641462, pid=13076, tid=7216
#
# JRE version: Java(TM) SE Runtime Environment (17.0.6+9) (build 17.0.6+9-LTS-190)
# Java VM: Java HotSpot(TM) 64-Bit Server VM (17.0.6+9-LTS-190, mixed mode, sharing, tiered, compressed oops, compressed class ptrs, g1 gc, windows-amd64)
# Problematic frame:
# V  [jvm.dll+0x261462]
#
# No core dump will be written. Minidumps are not enabled by default on client versions of Windows
#
# If you would like to submit a bug report, please visit:
#   https://bugreport.java.com/bugreport/crash.jsp
#

---------------  S U M M A R Y ------------

Command Line: com.porfolio.GerM.GermApplication

Host: Intel(R) Celeron(R) N4020 CPU @ 1.10GHz, 2 cores, 7G,  Windows 10 , 64 bit Build 19041 (10.0.19041.2788)
Time: Mon May  8 20:55:24 2023 Hora estándar de Argentina elapsed time: 3000.830101 seconds (0d 0h 50m 0s)

---------------  T H R E A D  ---------------

Current thread (0x000001db79b1b810):  JavaThread "C2 CompilerThread0" daemon [_thread_in_native, id=7216, stack(0x000000d2ab600000,0x000000d2ab700000)]


Current CompileTask:
C2:3000830 7781       4       org.springframework.security.access.prepost.PrePostAnnotationSecurityMetadataSource::getAttributes (249 bytes)

Stack: [0x000000d2ab600000,0x000000d2ab700000],  sp=0x000000d2ab6fb840,  free space=1006k
Native frames: (J=compiled Java code, j=interpreted, Vv=VM code, C=native code)
V  [jvm.dll+0x261462]
V  [jvm.dll+0x6009c8]
V  [jvm.dll+0x60098f]
V  [jvm.dll+0x60623c]
V  [jvm.dll+0x60715c]
V  [jvm.dll+0x605634]
V  [jvm.dll+0x215c5e]
V  [jvm.dll+0x215211]
V  [jvm.dll+0x1a1730]
V  [jvm.dll+0x224b6e]
V  [jvm.dll+0x222f15]
V  [jvm.dll+0x78753c]
V  [jvm.dll+0x781a7a]
V  [jvm.dll+0x672375]
C  [ucrtbase.dll+0x21bb2]
C  [KERNEL32.DLL+0x17604]
C  [ntdll.dll+0x526a1]


siginfo: EXCEPTION_ACCESS_VIOLATION (0xc0000005), writing address 0x0000000000000001


Register to memory mapping:

RIP=0x00007ffa55641462 jvm.dll
RAX=0x0000000000000001 is an unknown value
RBX=0x000001db7cdd7af0 points into unknown readable memory: 0x00007ffa55c96a80 | 80 6a c9 55 fa 7f 00 00
RCX=0x0 is NULL
RDX=0x0000000000000004 is an unknown value
RSP=0x000000d2ab6fb840 is pointing into the stack for thread: 0x000001db79b1b810
RBP=0x000001db7cdd8df0 points into unknown readable memory: 0x00007ffa55c95100 | 00 51 c9 55 fa 7f 00 00
RSI=0x0 is NULL
RDI=0x00007ffa553e0000 jvm.dll
R8 =0x000001db7cdd7af0 points into unknown readable memory: 0x00007ffa55c96a80 | 80 6a c9 55 fa 7f 00 00
R9 =0x00007ffa5563a8b7 jvm.dll
R10=0x0000000000000030 is an unknown value
R11=0x000001db7cdd7af8 points into unknown readable memory: 0x000001db7cdd7b40 | 40 7b dd 7c db 01 00 00
R12=0x0000000000000001 is an unknown value
R13=0x0000000000000002 is an unknown value
R14=0x000001db7cdd7af0 points into unknown readable memory: 0x00007ffa55c96a80 | 80 6a c9 55 fa 7f 00 00
R15=0x000001db7cdd81e0 points into unknown readable memory: 0x00007ffa55c8fb00 | 00 fb c8 55 fa 7f 00 00


Registers:
RAX=0x0000000000000001, RBX=0x000001db7cdd7af0, RCX=0x0000000000000000, RDX=0x0000000000000004
RSP=0x000000d2ab6fb840, RBP=0x000001db7cdd8df0, RSI=0x0000000000000000, RDI=0x00007ffa553e0000
R8 =0x000001db7cdd7af0, R9 =0x00007ffa5563a8b7, R10=0x0000000000000030, R11=0x000001db7cdd7af8
R12=0x0000000000000001, R13=0x0000000000000002, R14=0x000001db7cdd7af0, R15=0x000001db7cdd81e0
RIP=0x00007ffa55641462, EFLAGS=0x0000000000010246

Top of Stack: (sp=0x000000d2ab6fb840)
0x000000d2ab6fb840:   0000000000000000 0000000000000000
0x000000d2ab6fb850:   0000000000000000 0000000000000000
0x000000d2ab6fb860:   000001db7cdd81e0 000001db7cdd7b1c
0x000000d2ab6fb870:   000001db7dae95a0 00007ffa559e09c8
0x000000d2ab6fb880:   000001db7cdd7af0 0000000000001c30
0x000000d2ab6fb890:   000001db7cdd8df0 000001db7c106230
0x000000d2ab6fb8a0:   000000d2ab6fb950 000000d2ab6fc7e8
0x000000d2ab6fb8b0:   0000000400000001 0000000000000010
0x000000d2ab6fb8c0:   0000000000000002 0000000000000000
0x000000d2ab6fb8d0:   000001db7dae8e90 000001db7cdd8238
0x000000d2ab6fb8e0:   000000d2ab6fbe60 000001db7cdd8df0
0x000000d2ab6fb8f0:   000001db7cdd81e0 00007ffa559e098f
0x000000d2ab6fb900:   000000d2ab6fbe60 0000000000000000
0x000000d2ab6fb910:   000001db7dae8e90 000001db7cdd8df0
0x000000d2ab6fb920:   000000d2ab6fba38 000000d2ab6fbe60
0x000000d2ab6fb930:   0000000400000001 0000000000000010 

Instructions: (pc=0x00007ffa55641462)
0x00007ffa55641362:   f6 80 9a 05 00 00 01 0f 84 ac 00 00 00 49 8b 00
0x00007ffa55641372:   49 8b ce ff 50 28 48 8b 48 18 e8 5f 1a 53 00 83
0x00007ffa55641382:   f8 07 0f 85 91 00 00 00 48 8b 86 00 07 00 00 8b
0x00007ffa55641392:   80 f4 01 00 00 83 c0 64 89 86 f4 01 00 00 83 c0
0x00007ffa556413a2:   64 c7 86 9a 05 00 00 9f 03 b5 02 89 86 f8 01 00
0x00007ffa556413b2:   00 b0 01 e9 98 00 00 00 48 8b 81 00 07 00 00 48
0x00007ffa556413c2:   85 c0 74 55 f6 80 9a 05 00 00 01 74 4c 49 8b 00
0x00007ffa556413d2:   49 8b ce ff 50 28 48 8b 48 18 e8 ff 19 53 00 83
0x00007ffa556413e2:   f8 06 75 35 48 8b 86 00 07 00 00 8b 80 f4 01 00
0x00007ffa556413f2:   00 83 c0 64 89 86 f4 01 00 00 83 c0 64 c7 86 9a
0x00007ffa55641402:   05 00 00 a1 03 b5 02 89 86 f8 01 00 00 b0 01 eb
0x00007ffa55641412:   3f 49 8b d6 e8 c5 d5 02 00 b0 01 eb 33 48 8b 0d
0x00007ffa55641422:   8a 67 8b 00 48 8d 15 53 4b 68 00 e8 ce 42 41 00
0x00007ffa55641432:   4c 8b 8c df a0 be aa 00 48 8d 15 5f 4b 68 00 48
0x00007ffa55641442:   8b 0d 68 67 8b 00 44 8b c3 e8 b0 42 41 00 32 c0
0x00007ffa55641452:   48 8b 5c 24 40 48 8b 6c 24 50 48 8b 74 24 58 48
0x00007ffa55641462:   83 c4 20 41 5f 41 5e 5f c3 90 26 a8 25 00 53 a8
0x00007ffa55641472:   25 00 b7 a8 25 00 5c a9 25 00 9e a9 25 00 e0 a9
0x00007ffa55641482:   25 00 1f 14 26 00 32 aa 25 00 5d aa 25 00 72 aa
0x00007ffa55641492:   25 00 af aa 25 00 c4 aa 25 00 dc aa 25 00 29 ab
0x00007ffa556414a2:   25 00 1f 14 26 00 43 ab 25 00 52 ab 25 00 61 ab
0x00007ffa556414b2:   25 00 f7 ab 25 00 7b ac 25 00 8a ac 25 00 99 ac
0x00007ffa556414c2:   25 00 a8 ac 25 00 b7 ac 25 00 1f 14 26 00 1f 14
0x00007ffa556414d2:   26 00 c6 ac 25 00 d5 ac 25 00 1f 14 26 00 e4 ac
0x00007ffa556414e2:   25 00 1f 14 26 00 f3 ac 25 00 1f 14 26 00 02 ad
0x00007ffa556414f2:   25 00 1f 14 26 00 77 ad 25 00 f2 ad 25 00 76 ae
0x00007ffa55641502:   25 00 f1 ae 25 00 1f 14 26 00 6c af 25 00 b4 af
0x00007ffa55641512:   25 00 da af 25 00 00 b0 25 00 1f 14 26 00 19 b0
0x00007ffa55641522:   25 00 32 b0 25 00 4b b0 25 00 64 b0 25 00 7d b0
0x00007ffa55641532:   25 00 96 b0 25 00 af b0 25 00 19 b1 25 00 83 b1
0x00007ffa55641542:   25 00 fb b1 25 00 7c b2 25 00 3d b3 25 00 1e b4
0x00007ffa55641552:   25 00 09 b5 25 00 1f 14 26 00 1f 14 26 00 d5 b5 


Stack slot to memory mapping:
stack at sp + 0 slots: 0x0 is NULL
stack at sp + 1 slots: 0x0 is NULL
stack at sp + 2 slots: 0x0 is NULL
stack at sp + 3 slots: 0x0 is NULL
stack at sp + 4 slots: 0x000001db7cdd81e0 points into unknown readable memory: 0x00007ffa55c8fb00 | 00 fb c8 55 fa 7f 00 00
stack at sp + 5 slots: 0x000001db7cdd7b1c points into unknown readable memory: 30 00 00 00
stack at sp + 6 slots: 0x000001db7dae95a0 points into unknown readable memory: 0xbf800000bf800000 | 00 00 80 bf 00 00 80 bf
stack at sp + 7 slots: 0x00007ffa559e09c8 jvm.dll


---------------  P R O C E S S  ---------------

Threads class SMR info:
_java_thread_list=0x000001db00371170, length=31, elements={
0x000001db79b02420, 0x000001db79b03290, 0x000001db79b15b50, 0x000001db79b17710,
0x000001db79b1a0d0, 0x000001db79b1aa80, 0x000001db79b1b810, 0x000001db79b87d00,
0x000001db79b8aab0, 0x000001db7a4a72f0, 0x000001db7a4bf480, 0x000001db7d0c0030,
0x000001db7f908a90, 0x000001db7f1f77f0, 0x000001db7ee49010, 0x000001db7bd846a0,
0x000001db7bd82e90, 0x000001db7bd83d00, 0x000001db7bd83360, 0x000001db7bd83830,
0x000001db7bd841d0, 0x000001db009261b0, 0x000001db00923660, 0x000001db009244d0,
0x000001db00924000, 0x000001db00924e70, 0x000001db009227f0, 0x000001db00922cc0,
0x000001db009249a0, 0x000001db00923190, 0x000001db00923b30
}

Java Threads: ( => current thread )
  0x000001db79b02420 JavaThread "Reference Handler" daemon [_thread_blocked, id=6916, stack(0x000000d2ab000000,0x000000d2ab100000)]
  0x000001db79b03290 JavaThread "Finalizer" daemon [_thread_blocked, id=12916, stack(0x000000d2ab100000,0x000000d2ab200000)]
  0x000001db79b15b50 JavaThread "Signal Dispatcher" daemon [_thread_blocked, id=3560, stack(0x000000d2ab200000,0x000000d2ab300000)]
  0x000001db79b17710 JavaThread "Attach Listener" daemon [_thread_blocked, id=11808, stack(0x000000d2ab300000,0x000000d2ab400000)]
  0x000001db79b1a0d0 JavaThread "Service Thread" daemon [_thread_blocked, id=12712, stack(0x000000d2ab400000,0x000000d2ab500000)]
  0x000001db79b1aa80 JavaThread "Monitor Deflation Thread" daemon [_thread_blocked, id=12980, stack(0x000000d2ab500000,0x000000d2ab600000)]
=>0x000001db79b1b810 JavaThread "C2 CompilerThread0" daemon [_thread_in_native, id=7216, stack(0x000000d2ab600000,0x000000d2ab700000)]
  0x000001db79b87d00 JavaThread "C1 CompilerThread0" daemon [_thread_blocked, id=8804, stack(0x000000d2ab700000,0x000000d2ab800000)]
  0x000001db79b8aab0 JavaThread "Sweeper thread" daemon [_thread_blocked, id=9524, stack(0x000000d2ab800000,0x000000d2ab900000)]
  0x000001db7a4a72f0 JavaThread "Notification Thread" daemon [_thread_blocked, id=12936, stack(0x000000d2ab900000,0x000000d2aba00000)]
  0x000001db7a4bf480 JavaThread "Common-Cleaner" daemon [_thread_blocked, id=1588, stack(0x000000d2abb00000,0x000000d2abc00000)]
  0x000001db7d0c0030 JavaThread "mysql-cj-abandoned-connection-cleanup" daemon [_thread_blocked, id=5020, stack(0x000000d2ac000000,0x000000d2ac100000)]
  0x000001db7f908a90 JavaThread "HikariPool-1 housekeeper" daemon [_thread_blocked, id=3752, stack(0x000000d2ac200000,0x000000d2ac300000)]
  0x000001db7f1f77f0 JavaThread "Catalina-utility-1" [_thread_blocked, id=11396, stack(0x000000d2ac400000,0x000000d2ac500000)]
  0x000001db7ee49010 JavaThread "Catalina-utility-2" [_thread_blocked, id=8980, stack(0x000000d2ac500000,0x000000d2ac600000)]
  0x000001db7bd846a0 JavaThread "container-0" [_thread_blocked, id=10008, stack(0x000000d2ac600000,0x000000d2ac700000)]
  0x000001db7bd82e90 JavaThread "File Watcher" daemon [_thread_blocked, id=3288, stack(0x000000d2ac700000,0x000000d2ac800000)]
  0x000001db7bd83d00 JavaThread "Live Reload Server" daemon [_thread_in_native, id=2432, stack(0x000000d2ac900000,0x000000d2aca00000)]
  0x000001db7bd83360 JavaThread "http-nio-8080-exec-1" daemon [_thread_blocked, id=12872, stack(0x000000d2ac800000,0x000000d2ac900000)]
  0x000001db7bd83830 JavaThread "http-nio-8080-exec-2" daemon [_thread_blocked, id=2988, stack(0x000000d2aca00000,0x000000d2acb00000)]
  0x000001db7bd841d0 JavaThread "http-nio-8080-exec-3" daemon [_thread_blocked, id=10332, stack(0x000000d2acb00000,0x000000d2acc00000)]
  0x000001db009261b0 JavaThread "http-nio-8080-exec-4" daemon [_thread_blocked, id=1880, stack(0x000000d2acc00000,0x000000d2acd00000)]
  0x000001db00923660 JavaThread "http-nio-8080-exec-5" daemon [_thread_in_native, id=9568, stack(0x000000d2acd00000,0x000000d2ace00000)]
  0x000001db009244d0 JavaThread "http-nio-8080-exec-6" daemon [_thread_blocked, id=7716, stack(0x000000d2ace00000,0x000000d2acf00000)]
  0x000001db00924000 JavaThread "http-nio-8080-exec-7" daemon [_thread_blocked, id=12840, stack(0x000000d2acf00000,0x000000d2ad000000)]
  0x000001db00924e70 JavaThread "http-nio-8080-exec-8" daemon [_thread_blocked, id=8300, stack(0x000000d2ad000000,0x000000d2ad100000)]
  0x000001db009227f0 JavaThread "http-nio-8080-exec-9" daemon [_thread_blocked, id=5556, stack(0x000000d2ad100000,0x000000d2ad200000)]
  0x000001db00922cc0 JavaThread "http-nio-8080-exec-10" daemon [_thread_blocked, id=11272, stack(0x000000d2ad200000,0x000000d2ad300000)]
  0x000001db009249a0 JavaThread "http-nio-8080-Poller" daemon [_thread_in_native, id=2396, stack(0x000000d2ad300000,0x000000d2ad400000)]
  0x000001db00923190 JavaThread "http-nio-8080-Acceptor" daemon [_thread_in_native, id=4792, stack(0x000000d2ad400000,0x000000d2ad500000)]
  0x000001db00923b30 JavaThread "DestroyJavaVM" [_thread_blocked, id=12636, stack(0x000000d2aa800000,0x000000d2aa900000)]

Other Threads:
  0x000001db79af8860 VMThread "VM Thread" [stack: 0x000000d2aaf00000,0x000000d2ab000000] [id=12740]
  0x000001db7a4b57f0 WatcherThread [stack: 0x000000d2aba00000,0x000000d2abb00000] [id=10476]
  0x000001db5c713120 GCTaskThread "GC Thread#0" [stack: 0x000000d2aaa00000,0x000000d2aab00000] [id=7020]
  0x000001db7a922d20 GCTaskThread "GC Thread#1" [stack: 0x000000d2abc00000,0x000000d2abd00000] [id=12420]
  0x000001db5c723ae0 ConcurrentGCThread "G1 Main Marker" [stack: 0x000000d2aab00000,0x000000d2aac00000] [id=2300]
  0x000001db5c7244f0 ConcurrentGCThread "G1 Conc#0" [stack: 0x000000d2aac00000,0x000000d2aad00000] [id=520]
  0x000001db799c0090 ConcurrentGCThread "G1 Refine#0" [stack: 0x000000d2aad00000,0x000000d2aae00000] [id=12432]
  0x000001db7b7ec020 ConcurrentGCThread "G1 Refine#1" [stack: 0x000000d2abf00000,0x000000d2ac000000] [id=6256]
  0x000001db799c0ab0 ConcurrentGCThread "G1 Service" [stack: 0x000000d2aae00000,0x000000d2aaf00000] [id=4144]

Threads with active compile tasks:
C2 CompilerThread0  3000884 7781       4       org.springframework.security.access.prepost.PrePostAnnotationSecurityMetadataSource::getAttributes (249 bytes)

VM state: not at safepoint (normal execution)

VM Mutex/Monitor currently owned by a thread: None

Heap address: 0x0000000082c00000, size: 2004 MB, Compressed Oops mode: 32-bit

CDS archive(s) mapped at: [0x0000000800000000-0x0000000800bd0000-0x0000000800bd0000), size 12386304, SharedBaseAddress: 0x0000000800000000, ArchiveRelocationMode: 0.
Compressed class space mapped at: 0x0000000800c00000-0x0000000840c00000, reserved size: 1073741824
Narrow klass base: 0x0000000800000000, Narrow klass shift: 0, Narrow klass range: 0x100000000

GC Precious Log:
 CPUs: 2 total, 2 available
 Memory: 8010M
 Large Page Support: Disabled
 NUMA Support: Disabled
 Compressed Oops: Enabled (32-bit)
 Heap Region Size: 1M
 Heap Min Capacity: 8M
 Heap Initial Capacity: 126M
 Heap Max Capacity: 2004M
 Pre-touch: Disabled
 Parallel Workers: 2
 Concurrent Workers: 1
 Concurrent Refinement Workers: 2
 Periodic GC: Disabled

Heap:
 garbage-first heap   total 137216K, used 81139K [0x0000000082c00000, 0x0000000100000000)
  region size 1024K, 51 young (52224K), 3 survivors (3072K)
 Metaspace       used 74457K, committed 75008K, reserved 1114112K
  class space    used 10148K, committed 10432K, reserved 1048576K

Heap Regions: E=young(eden), S=young(survivor), O=old, HS=humongous(starts), HC=humongous(continues), CS=collection set, F=free, OA=open archive, CA=closed archive, TAMS=top-at-mark-start (previous, next)
|   0|0x0000000082c00000, 0x0000000082d00000, 0x0000000082d00000|100%|HS|  |TAMS 0x0000000082d00000, 0x0000000082c00000| Complete 
|   1|0x0000000082d00000, 0x0000000082e00000, 0x0000000082e00000|100%| O|  |TAMS 0x0000000082e00000, 0x0000000082d00000| Untracked 
|   2|0x0000000082e00000, 0x0000000082f00000, 0x0000000082f00000|100%| O|  |TAMS 0x0000000082f00000, 0x0000000082e00000| Untracked 
|   3|0x0000000082f00000, 0x0000000083000000, 0x0000000083000000|100%| O|  |TAMS 0x0000000083000000, 0x0000000082f00000| Untracked 
|   4|0x0000000083000000, 0x0000000083100000, 0x0000000083100000|100%| O|  |TAMS 0x0000000083100000, 0x0000000083000000| Untracked 
|   5|0x0000000083100000, 0x0000000083200000, 0x0000000083200000|100%| O|  |TAMS 0x0000000083200000, 0x0000000083100000| Untracked 
|   6|0x0000000083200000, 0x0000000083300000, 0x0000000083300000|100%| O|  |TAMS 0x0000000083300000, 0x0000000083200000| Untracked 
|   7|0x0000000083300000, 0x0000000083400000, 0x0000000083400000|100%| O|  |TAMS 0x0000000083400000, 0x0000000083300000| Untracked 
|   8|0x0000000083400000, 0x0000000083500000, 0x0000000083500000|100%| O|  |TAMS 0x0000000083500000, 0x0000000083400000| Untracked 
|   9|0x0000000083500000, 0x0000000083600000, 0x0000000083600000|100%| O|  |TAMS 0x0000000083600000, 0x0000000083500000| Untracked 
|  10|0x0000000083600000, 0x0000000083700000, 0x0000000083700000|100%| O|  |TAMS 0x0000000083700000, 0x0000000083600000| Untracked 
|  11|0x0000000083700000, 0x0000000083800000, 0x0000000083800000|100%| O|  |TAMS 0x0000000083800000, 0x0000000083700000| Untracked 
|  12|0x0000000083800000, 0x0000000083900000, 0x0000000083900000|100%| O|  |TAMS 0x0000000083900000, 0x0000000083800000| Untracked 
|  13|0x0000000083900000, 0x0000000083a00000, 0x0000000083a00000|100%| O|  |TAMS 0x0000000083a00000, 0x0000000083900000| Untracked 
|  14|0x0000000083a00000, 0x0000000083b00000, 0x0000000083b00000|100%| O|  |TAMS 0x0000000083a00000, 0x0000000083a00000| Untracked 
|  15|0x0000000083b00000, 0x0000000083c00000, 0x0000000083c00000|100%| O|  |TAMS 0x0000000083c00000, 0x0000000083b00000| Untracked 
|  16|0x0000000083c00000, 0x0000000083d00000, 0x0000000083d00000|100%| O|  |TAMS 0x0000000083d00000, 0x0000000083c00000| Untracked 
|  17|0x0000000083d00000, 0x0000000083e00000, 0x0000000083e00000|100%| O|  |TAMS 0x0000000083d00000, 0x0000000083d00000| Untracked 
|  18|0x0000000083e00000, 0x0000000083f00000, 0x0000000083f00000|100%| O|  |TAMS 0x0000000083f00000, 0x0000000083e00000| Untracked 
|  19|0x0000000083f00000, 0x0000000084000000, 0x0000000084000000|100%| O|  |TAMS 0x0000000084000000, 0x0000000083f00000| Untracked 
|  20|0x0000000084000000, 0x0000000084100000, 0x0000000084100000|100%| O|  |TAMS 0x0000000084100000, 0x0000000084000000| Untracked 
|  21|0x0000000084100000, 0x0000000084200000, 0x0000000084200000|100%| O|  |TAMS 0x0000000084200000, 0x0000000084100000| Untracked 
|  22|0x0000000084200000, 0x0000000084300000, 0x0000000084300000|100%| O|  |TAMS 0x000000008420b200, 0x0000000084200000| Untracked 
|  23|0x0000000084300000, 0x0000000084400000, 0x0000000084400000|100%| O|  |TAMS 0x0000000084300000, 0x0000000084300000| Untracked 
|  24|0x0000000084400000, 0x0000000084500000, 0x0000000084500000|100%| O|  |TAMS 0x0000000084400000, 0x0000000084400000| Untracked 
|  25|0x0000000084500000, 0x0000000084600000, 0x0000000084600000|100%| O|  |TAMS 0x0000000084500000, 0x0000000084500000| Untracked 
|  26|0x0000000084600000, 0x0000000084700000, 0x0000000084700000|100%| O|  |TAMS 0x0000000084600000, 0x0000000084600000| Untracked 
|  27|0x0000000084700000, 0x0000000084800000, 0x0000000084800000|100%| O|  |TAMS 0x0000000084700000, 0x0000000084700000| Untracked 
|  28|0x0000000084800000, 0x0000000084900000, 0x0000000084900000|100%| O|  |TAMS 0x0000000084800000, 0x0000000084800000| Untracked 
|  29|0x0000000084900000, 0x00000000849bcc00, 0x0000000084a00000| 73%| O|  |TAMS 0x0000000084900000, 0x0000000084900000| Untracked 
|  30|0x0000000084a00000, 0x0000000084a00000, 0x0000000084b00000|  0%| F|  |TAMS 0x0000000084a00000, 0x0000000084a00000| Untracked 
|  31|0x0000000084b00000, 0x0000000084b00000, 0x0000000084c00000|  0%| F|  |TAMS 0x0000000084b00000, 0x0000000084b00000| Untracked 
|  32|0x0000000084c00000, 0x0000000084c00000, 0x0000000084d00000|  0%| F|  |TAMS 0x0000000084c00000, 0x0000000084c00000| Untracked 
|  33|0x0000000084d00000, 0x0000000084d00000, 0x0000000084e00000|  0%| F|  |TAMS 0x0000000084d00000, 0x0000000084d00000| Untracked 
|  34|0x0000000084e00000, 0x0000000084e00000, 0x0000000084f00000|  0%| F|  |TAMS 0x0000000084e00000, 0x0000000084e00000| Untracked 
|  35|0x0000000084f00000, 0x0000000084f00000, 0x0000000085000000|  0%| F|  |TAMS 0x0000000084f00000, 0x0000000084f00000| Untracked 
|  36|0x0000000085000000, 0x0000000085000000, 0x0000000085100000|  0%| F|  |TAMS 0x0000000085000000, 0x0000000085000000| Untracked 
|  37|0x0000000085100000, 0x0000000085100000, 0x0000000085200000|  0%| F|  |TAMS 0x0000000085100000, 0x0000000085100000| Untracked 
|  38|0x0000000085200000, 0x0000000085200000, 0x0000000085300000|  0%| F|  |TAMS 0x0000000085200000, 0x0000000085200000| Untracked 
|  39|0x0000000085300000, 0x0000000085300000, 0x0000000085400000|  0%| F|  |TAMS 0x0000000085300000, 0x0000000085300000| Untracked 
|  40|0x0000000085400000, 0x0000000085400000, 0x0000000085500000|  0%| F|  |TAMS 0x0000000085400000, 0x0000000085400000| Untracked 
|  41|0x0000000085500000, 0x0000000085500000, 0x0000000085600000|  0%| F|  |TAMS 0x0000000085500000, 0x0000000085500000| Untracked 
|  42|0x0000000085600000, 0x0000000085600000, 0x0000000085700000|  0%| F|  |TAMS 0x0000000085600000, 0x0000000085600000| Untracked 
|  43|0x0000000085700000, 0x0000000085700000, 0x0000000085800000|  0%| F|  |TAMS 0x0000000085700000, 0x0000000085700000| Untracked 
|  44|0x0000000085800000, 0x0000000085800000, 0x0000000085900000|  0%| F|  |TAMS 0x0000000085800000, 0x0000000085800000| Untracked 
|  45|0x0000000085900000, 0x0000000085900000, 0x0000000085a00000|  0%| F|  |TAMS 0x0000000085900000, 0x0000000085900000| Untracked 
|  46|0x0000000085a00000, 0x0000000085a00000, 0x0000000085b00000|  0%| F|  |TAMS 0x0000000085a00000, 0x0000000085a00000| Untracked 
|  47|0x0000000085b00000, 0x0000000085b00000, 0x0000000085c00000|  0%| F|  |TAMS 0x0000000085b00000, 0x0000000085b00000| Untracked 
|  48|0x0000000085c00000, 0x0000000085c00000, 0x0000000085d00000|  0%| F|  |TAMS 0x0000000085c00000, 0x0000000085c00000| Untracked 
|  49|0x0000000085d00000, 0x0000000085d00000, 0x0000000085e00000|  0%| F|  |TAMS 0x0000000085d00000, 0x0000000085d00000| Untracked 
|  50|0x0000000085e00000, 0x0000000085e00000, 0x0000000085f00000|  0%| F|  |TAMS 0x0000000085e00000, 0x0000000085e00000| Untracked 
|  51|0x0000000085f00000, 0x0000000085f80000, 0x0000000086000000| 50%| S|CS|TAMS 0x0000000085f00000, 0x0000000085f00000| Complete 
|  52|0x0000000086000000, 0x0000000086100000, 0x0000000086100000|100%| S|CS|TAMS 0x0000000086000000, 0x0000000086000000| Complete 
|  53|0x0000000086100000, 0x0000000086200000, 0x0000000086200000|100%| S|CS|TAMS 0x0000000086100000, 0x0000000086100000| Complete 
|  54|0x0000000086200000, 0x0000000086200000, 0x0000000086300000|  0%| F|  |TAMS 0x0000000086200000, 0x0000000086200000| Untracked 
|  55|0x0000000086300000, 0x0000000086300000, 0x0000000086400000|  0%| F|  |TAMS 0x0000000086300000, 0x0000000086300000| Untracked 
|  56|0x0000000086400000, 0x0000000086400000, 0x0000000086500000|  0%| F|  |TAMS 0x0000000086400000, 0x0000000086400000| Untracked 
|  57|0x0000000086500000, 0x0000000086500000, 0x0000000086600000|  0%| F|  |TAMS 0x0000000086500000, 0x0000000086500000| Untracked 
|  58|0x0000000086600000, 0x0000000086600000, 0x0000000086700000|  0%| F|  |TAMS 0x0000000086600000, 0x0000000086600000| Untracked 
|  59|0x0000000086700000, 0x0000000086700000, 0x0000000086800000|  0%| F|  |TAMS 0x0000000086700000, 0x0000000086700000| Untracked 
|  60|0x0000000086800000, 0x0000000086800000, 0x0000000086900000|  0%| F|  |TAMS 0x0000000086800000, 0x0000000086800000| Untracked 
|  61|0x0000000086900000, 0x0000000086900000, 0x0000000086a00000|  0%| F|  |TAMS 0x0000000086900000, 0x0000000086900000| Untracked 
|  62|0x0000000086a00000, 0x0000000086a00000, 0x0000000086b00000|  0%| F|  |TAMS 0x0000000086a00000, 0x0000000086a00000| Untracked 
|  63|0x0000000086b00000, 0x0000000086b00000, 0x0000000086c00000|  0%| F|  |TAMS 0x0000000086b00000, 0x0000000086b00000| Untracked 
|  64|0x0000000086c00000, 0x0000000086c00000, 0x0000000086d00000|  0%| F|  |TAMS 0x0000000086c00000, 0x0000000086c00000| Untracked 
|  65|0x0000000086d00000, 0x0000000086d00000, 0x0000000086e00000|  0%| F|  |TAMS 0x0000000086d00000, 0x0000000086d00000| Untracked 
|  66|0x0000000086e00000, 0x0000000086e00000, 0x0000000086f00000|  0%| F|  |TAMS 0x0000000086e00000, 0x0000000086e00000| Untracked 
|  67|0x0000000086f00000, 0x0000000086f00000, 0x0000000087000000|  0%| F|  |TAMS 0x0000000086f00000, 0x0000000086f00000| Untracked 
|  68|0x0000000087000000, 0x0000000087000000, 0x0000000087100000|  0%| F|  |TAMS 0x0000000087000000, 0x0000000087000000| Untracked 
|  69|0x0000000087100000, 0x0000000087100000, 0x0000000087200000|  0%| F|  |TAMS 0x0000000087100000, 0x0000000087100000| Untracked 
|  70|0x0000000087200000, 0x0000000087200000, 0x0000000087300000|  0%| F|  |TAMS 0x0000000087200000, 0x0000000087200000| Untracked 
|  71|0x0000000087300000, 0x0000000087300000, 0x0000000087400000|  0%| F|  |TAMS 0x0000000087300000, 0x0000000087300000| Untracked 
|  72|0x0000000087400000, 0x0000000087400000, 0x0000000087500000|  0%| F|  |TAMS 0x0000000087400000, 0x0000000087400000| Untracked 
|  73|0x0000000087500000, 0x0000000087500000, 0x0000000087600000|  0%| F|  |TAMS 0x0000000087500000, 0x0000000087500000| Untracked 
|  74|0x0000000087600000, 0x0000000087600000, 0x0000000087700000|  0%| F|  |TAMS 0x0000000087600000, 0x0000000087600000| Untracked 
|  75|0x0000000087700000, 0x0000000087700000, 0x0000000087800000|  0%| F|  |TAMS 0x0000000087700000, 0x0000000087700000| Untracked 
|  76|0x0000000087800000, 0x0000000087800000, 0x0000000087900000|  0%| F|  |TAMS 0x0000000087800000, 0x0000000087800000| Untracked 
|  77|0x0000000087900000, 0x0000000087900000, 0x0000000087a00000|  0%| F|  |TAMS 0x0000000087900000, 0x0000000087900000| Untracked 
|  78|0x0000000087a00000, 0x0000000087a00000, 0x0000000087b00000|  0%| F|  |TAMS 0x0000000087a00000, 0x0000000087a00000| Untracked 
|  79|0x0000000087b00000, 0x0000000087b00000, 0x0000000087c00000|  0%| F|  |TAMS 0x0000000087b00000, 0x0000000087b00000| Untracked 
|  80|0x0000000087c00000, 0x0000000087c00000, 0x0000000087d00000|  0%| F|  |TAMS 0x0000000087c00000, 0x0000000087c00000| Untracked 
|  81|0x0000000087d00000, 0x0000000087d00000, 0x0000000087e00000|  0%| F|  |TAMS 0x0000000087d00000, 0x0000000087d00000| Untracked 
|  82|0x0000000087e00000, 0x0000000087e00000, 0x0000000087f00000|  0%| F|  |TAMS 0x0000000087e00000, 0x0000000087e00000| Untracked 
|  83|0x0000000087f00000, 0x0000000087f00000, 0x0000000088000000|  0%| F|  |TAMS 0x0000000087f00000, 0x0000000087f00000| Untracked 
|  84|0x0000000088000000, 0x0000000088000000, 0x0000000088100000|  0%| F|  |TAMS 0x0000000088000000, 0x0000000088000000| Untracked 
|  85|0x0000000088100000, 0x0000000088100000, 0x0000000088200000|  0%| F|  |TAMS 0x0000000088100000, 0x0000000088100000| Untracked 
|  86|0x0000000088200000, 0x0000000088235b80, 0x0000000088300000| 20%| E|  |TAMS 0x0000000088200000, 0x0000000088200000| Complete 
|  87|0x0000000088300000, 0x0000000088400000, 0x0000000088400000|100%| E|CS|TAMS 0x0000000088300000, 0x0000000088300000| Complete 
|  88|0x0000000088400000, 0x0000000088500000, 0x0000000088500000|100%| E|CS|TAMS 0x0000000088400000, 0x0000000088400000| Complete 
|  89|0x0000000088500000, 0x0000000088600000, 0x0000000088600000|100%| E|CS|TAMS 0x0000000088500000, 0x0000000088500000| Complete 
|  90|0x0000000088600000, 0x0000000088700000, 0x0000000088700000|100%| E|CS|TAMS 0x0000000088600000, 0x0000000088600000| Complete 
|  91|0x0000000088700000, 0x0000000088800000, 0x0000000088800000|100%| E|CS|TAMS 0x0000000088700000, 0x0000000088700000| Complete 
|  92|0x0000000088800000, 0x0000000088900000, 0x0000000088900000|100%| E|CS|TAMS 0x0000000088800000, 0x0000000088800000| Complete 
|  93|0x0000000088900000, 0x0000000088a00000, 0x0000000088a00000|100%| E|CS|TAMS 0x0000000088900000, 0x0000000088900000| Complete 
|  94|0x0000000088a00000, 0x0000000088b00000, 0x0000000088b00000|100%| E|CS|TAMS 0x0000000088a00000, 0x0000000088a00000| Complete 
|  95|0x0000000088b00000, 0x0000000088c00000, 0x0000000088c00000|100%| E|CS|TAMS 0x0000000088b00000, 0x0000000088b00000| Complete 
|  96|0x0000000088c00000, 0x0000000088d00000, 0x0000000088d00000|100%| E|CS|TAMS 0x0000000088c00000, 0x0000000088c00000| Complete 
|  97|0x0000000088d00000, 0x0000000088e00000, 0x0000000088e00000|100%| E|CS|TAMS 0x0000000088d00000, 0x0000000088d00000| Complete 
|  98|0x0000000088e00000, 0x0000000088f00000, 0x0000000088f00000|100%| E|CS|TAMS 0x0000000088e00000, 0x0000000088e00000| Complete 
|  99|0x0000000088f00000, 0x0000000089000000, 0x0000000089000000|100%| E|CS|TAMS 0x0000000088f00000, 0x0000000088f00000| Complete 
| 100|0x0000000089000000, 0x0000000089100000, 0x0000000089100000|100%| E|CS|TAMS 0x0000000089000000, 0x0000000089000000| Complete 
| 101|0x0000000089100000, 0x0000000089200000, 0x0000000089200000|100%| E|CS|TAMS 0x0000000089100000, 0x0000000089100000| Complete 
| 102|0x0000000089200000, 0x0000000089300000, 0x0000000089300000|100%| E|CS|TAMS 0x0000000089200000, 0x0000000089200000| Complete 
| 103|0x0000000089300000, 0x0000000089400000, 0x0000000089400000|100%| E|CS|TAMS 0x0000000089300000, 0x0000000089300000| Complete 
| 104|0x0000000089400000, 0x0000000089500000, 0x0000000089500000|100%| E|CS|TAMS 0x0000000089400000, 0x0000000089400000| Complete 
| 105|0x0000000089500000, 0x0000000089600000, 0x0000000089600000|100%| E|CS|TAMS 0x0000000089500000, 0x0000000089500000| Complete 
| 106|0x0000000089600000, 0x0000000089700000, 0x0000000089700000|100%| E|CS|TAMS 0x0000000089600000, 0x0000000089600000| Complete 
| 107|0x0000000089700000, 0x0000000089800000, 0x0000000089800000|100%| E|CS|TAMS 0x0000000089700000, 0x0000000089700000| Complete 
| 108|0x0000000089800000, 0x0000000089900000, 0x0000000089900000|100%| E|CS|TAMS 0x0000000089800000, 0x0000000089800000| Complete 
| 109|0x0000000089900000, 0x0000000089a00000, 0x0000000089a00000|100%| E|CS|TAMS 0x0000000089900000, 0x0000000089900000| Complete 
| 110|0x0000000089a00000, 0x0000000089b00000, 0x0000000089b00000|100%| E|CS|TAMS 0x0000000089a00000, 0x0000000089a00000| Complete 
| 111|0x0000000089b00000, 0x0000000089c00000, 0x0000000089c00000|100%| E|CS|TAMS 0x0000000089b00000, 0x0000000089b00000| Complete 
| 112|0x0000000089c00000, 0x0000000089d00000, 0x0000000089d00000|100%| E|CS|TAMS 0x0000000089c00000, 0x0000000089c00000| Complete 
| 113|0x0000000089d00000, 0x0000000089e00000, 0x0000000089e00000|100%| E|CS|TAMS 0x0000000089d00000, 0x0000000089d00000| Complete 
| 114|0x0000000089e00000, 0x0000000089f00000, 0x0000000089f00000|100%| E|CS|TAMS 0x0000000089e00000, 0x0000000089e00000| Complete 
| 115|0x0000000089f00000, 0x000000008a000000, 0x000000008a000000|100%| E|CS|TAMS 0x0000000089f00000, 0x0000000089f00000| Complete 
| 116|0x000000008a000000, 0x000000008a100000, 0x000000008a100000|100%| E|CS|TAMS 0x000000008a000000, 0x000000008a000000| Complete 
| 117|0x000000008a100000, 0x000000008a200000, 0x000000008a200000|100%| E|CS|TAMS 0x000000008a100000, 0x000000008a100000| Complete 
| 118|0x000000008a200000, 0x000000008a300000, 0x000000008a300000|100%| E|CS|TAMS 0x000000008a200000, 0x000000008a200000| Complete 
| 119|0x000000008a300000, 0x000000008a400000, 0x000000008a400000|100%| E|CS|TAMS 0x000000008a300000, 0x000000008a300000| Complete 
| 120|0x000000008a400000, 0x000000008a500000, 0x000000008a500000|100%| E|CS|TAMS 0x000000008a400000, 0x000000008a400000| Complete 
| 121|0x000000008a500000, 0x000000008a600000, 0x000000008a600000|100%| E|CS|TAMS 0x000000008a500000, 0x000000008a500000| Complete 
| 122|0x000000008a600000, 0x000000008a700000, 0x000000008a700000|100%| E|CS|TAMS 0x000000008a600000, 0x000000008a600000| Complete 
| 123|0x000000008a700000, 0x000000008a800000, 0x000000008a800000|100%| E|CS|TAMS 0x000000008a700000, 0x000000008a700000| Complete 
| 124|0x000000008a800000, 0x000000008a900000, 0x000000008a900000|100%| E|CS|TAMS 0x000000008a800000, 0x000000008a800000| Complete 
| 125|0x000000008a900000, 0x000000008aa00000, 0x000000008aa00000|100%| E|CS|TAMS 0x000000008a900000, 0x000000008a900000| Complete 
| 126|0x000000008aa00000, 0x000000008ab00000, 0x000000008ab00000|100%| E|CS|TAMS 0x000000008aa00000, 0x000000008aa00000| Complete 
| 127|0x000000008ab00000, 0x000000008ac00000, 0x000000008ac00000|100%| E|CS|TAMS 0x000000008ab00000, 0x000000008ab00000| Complete 
| 128|0x000000008ac00000, 0x000000008ad00000, 0x000000008ad00000|100%| E|CS|TAMS 0x000000008ac00000, 0x000000008ac00000| Complete 
| 129|0x000000008ad00000, 0x000000008ae00000, 0x000000008ae00000|100%| E|CS|TAMS 0x000000008ad00000, 0x000000008ad00000| Complete 
| 130|0x000000008ae00000, 0x000000008af00000, 0x000000008af00000|100%| E|CS|TAMS 0x000000008ae00000, 0x000000008ae00000| Complete 
| 131|0x000000008af00000, 0x000000008b000000, 0x000000008b000000|100%| E|CS|TAMS 0x000000008af00000, 0x000000008af00000| Complete 
| 132|0x000000008b000000, 0x000000008b100000, 0x000000008b100000|100%| E|CS|TAMS 0x000000008b000000, 0x000000008b000000| Complete 
| 133|0x000000008b100000, 0x000000008b200000, 0x000000008b200000|100%| E|CS|TAMS 0x000000008b100000, 0x000000008b100000| Complete 

Card table byte_map: [0x000001db73330000,0x000001db73720000] _byte_map_base: 0x000001db72f1a000

Marking Bits (Prev, Next): (CMBitMap*) 0x000001db5c713770, (CMBitMap*) 0x000001db5c713730
 Prev Bits: [0x000001db75a60000, 0x000001db779b0000)
 Next Bits: [0x000001db73b10000, 0x000001db75a60000)

Polling page: 0x000001db5be90000

Metaspace:

Usage:
  Non-class:     62.80 MB used.
      Class:      9.91 MB used.
       Both:     72.71 MB used.

Virtual space:
  Non-class space:       64.00 MB reserved,      63.06 MB ( 99%) committed,  8 nodes.
      Class space:        1.00 GB reserved,      10.19 MB ( <1%) committed,  1 nodes.
             Both:        1.06 GB reserved,      73.25 MB (  7%) committed. 

Chunk freelists:
   Non-Class:  208.00 KB
       Class:  1.78 MB
        Both:  1.99 MB

MaxMetaspaceSize: unlimited
CompressedClassSpaceSize: 1.00 GB
Initial GC threshold: 21.00 MB
Current GC threshold: 97.94 MB
CDS: on
MetaspaceReclaimPolicy: balanced
 - commit_granule_bytes: 65536.
 - commit_granule_words: 8192.
 - virtual_space_node_default_size: 1048576.
 - enlarge_chunks_in_place: 1.
 - new_chunks_are_fully_committed: 0.
 - uncommit_free_chunks: 1.
 - use_allocation_guard: 0.
 - handle_deallocations: 1.


Internal statistics:

num_allocs_failed_limit: 9.
num_arena_births: 764.
num_arena_deaths: 0.
num_vsnodes_births: 9.
num_vsnodes_deaths: 0.
num_space_committed: 1172.
num_space_uncommitted: 0.
num_chunks_returned_to_freelist: 9.
num_chunks_taken_from_freelist: 3379.
num_chunk_merges: 9.
num_chunk_splits: 2461.
num_chunks_enlarged: 1934.
num_purges: 0.
num_inconsistent_stats: 0.

CodeHeap 'non-profiled nmethods': size=120064Kb used=3723Kb max_used=3723Kb free=116340Kb
 bounds [0x000001db6ba00000, 0x000001db6bdb0000, 0x000001db72f40000]
CodeHeap 'profiled nmethods': size=120000Kb used=12528Kb max_used=12528Kb free=107471Kb
 bounds [0x000001db63f40000, 0x000001db64b80000, 0x000001db6b470000]
CodeHeap 'non-nmethods': size=5696Kb used=1372Kb max_used=1419Kb free=4323Kb
 bounds [0x000001db6b470000, 0x000001db6b6e0000, 0x000001db6ba00000]
 total_blobs=7596 nmethods=6889 adapters=619
 compilation: enabled
              stopped_count=0, restarted_count=0
 full_count=0

Compilation events (20 events):
Event: 3000.620 Thread 0x000001db79b87d00 nmethod 7778 0x000001db64b75e90 code [0x000001db64b76020, 0x000001db64b76138]
Event: 3000.620 Thread 0x000001db79b87d00 7779       1       org.hibernate.validator.internal.properties.javabean.JavaBeanExecutable::hasReturnValue (5 bytes)
Event: 3000.621 Thread 0x000001db79b87d00 nmethod 7779 0x000001db6bda2990 code [0x000001db6bda2b20, 0x000001db6bda2bf8]
Event: 3000.621 Thread 0x000001db79b87d00 7780       3       org.hibernate.validator.internal.metadata.aggregated.CascadingMetaDataBuilder::validateGroupConversions (128 bytes)
Event: 3000.621 Thread 0x000001db79b87d00 nmethod 7780 0x000001db64b76210 code [0x000001db64b76500, 0x000001db64b77658]
Event: 3000.648 Thread 0x000001db79b1b810 7781       4       org.springframework.security.access.prepost.PrePostAnnotationSecurityMetadataSource::getAttributes (249 bytes)
Event: 3000.652 Thread 0x000001db79b87d00 7783       3       org.hibernate.validator.internal.metadata.aggregated.CascadingMetaDataBuilder::build (190 bytes)
Event: 3000.654 Thread 0x000001db79b87d00 nmethod 7783 0x000001db64b77b90 code [0x000001db64b77e80, 0x000001db64b78ba8]
Event: 3000.659 Thread 0x000001db79b87d00 7784       3       sun.security.provider.HashDrbg::addBytes (130 bytes)
Event: 3000.660 Thread 0x000001db79b87d00 nmethod 7784 0x000001db64b79010 code [0x000001db64b791c0, 0x000001db64b79578]
Event: 3000.660 Thread 0x000001db79b87d00 7785       3       java.lang.StringUTF16::putCharSB (12 bytes)
Event: 3000.660 Thread 0x000001db79b87d00 nmethod 7785 0x000001db64b79790 code [0x000001db64b79940, 0x000001db64b79b48]
Event: 3000.661 Thread 0x000001db79b87d00 7786       3       org.springframework.security.crypto.bcrypt.BCrypt::streamtowords (111 bytes)
Event: 3000.661 Thread 0x000001db79b87d00 nmethod 7786 0x000001db64b79c90 code [0x000001db64b79e40, 0x000001db64b7a1f8]
Event: 3000.661 Thread 0x000001db79b87d00 7787       3       org.springframework.security.crypto.bcrypt.BCrypt::streamtoword (17 bytes)
Event: 3000.661 Thread 0x000001db79b87d00 nmethod 7787 0x000001db64b7a410 code [0x000001db64b7a5c0, 0x000001db64b7a7a8]
Event: 3000.661 Thread 0x000001db79b87d00 7788       3       org.springframework.security.crypto.bcrypt.BCrypt::encipher (253 bytes)
Event: 3000.662 Thread 0x000001db79b87d00 nmethod 7788 0x000001db64b7a910 code [0x000001db64b7aae0, 0x000001db64b7af78]
Event: 3000.671 Thread 0x000001db79b87d00 7790       3       org.springframework.security.crypto.bcrypt.BCrypt::key (196 bytes)
Event: 3000.672 Thread 0x000001db79b87d00 nmethod 7790 0x000001db64b7b290 code [0x000001db64b7b4a0, 0x000001db64b7bc38]

GC Heap History (20 events):
Event: 12.838 GC heap before
{Heap before GC invocations=14 (full 0):
 garbage-first heap   total 63488K, used 22893K [0x0000000082c00000, 0x0000000100000000)
  region size 1024K, 5 young (5120K), 4 survivors (4096K)
 Metaspace       used 46616K, committed 47040K, reserved 1097728K
  class space    used 6137K, committed 6336K, reserved 1048576K
}
Event: 12.847 GC heap after
{Heap after GC invocations=15 (full 0):
 garbage-first heap   total 63488K, used 22158K [0x0000000082c00000, 0x0000000100000000)
  region size 1024K, 1 young (1024K), 1 survivors (1024K)
 Metaspace       used 46616K, committed 47040K, reserved 1097728K
  class space    used 6137K, committed 6336K, reserved 1048576K
}
Event: 13.817 GC heap before
{Heap before GC invocations=15 (full 0):
 garbage-first heap   total 63488K, used 46734K [0x0000000082c00000, 0x0000000100000000)
  region size 1024K, 26 young (26624K), 1 survivors (1024K)
 Metaspace       used 52998K, committed 53440K, reserved 1097728K
  class space    used 7182K, committed 7424K, reserved 1048576K
}
Event: 13.822 GC heap after
{Heap after GC invocations=16 (full 0):
 garbage-first heap   total 63488K, used 22690K [0x0000000082c00000, 0x0000000100000000)
  region size 1024K, 2 young (2048K), 2 survivors (2048K)
 Metaspace       used 52998K, committed 53440K, reserved 1097728K
  class space    used 7182K, committed 7424K, reserved 1048576K
}
Event: 17.695 GC heap before
{Heap before GC invocations=16 (full 0):
 garbage-first heap   total 63488K, used 47266K [0x0000000082c00000, 0x0000000100000000)
  region size 1024K, 27 young (27648K), 2 survivors (2048K)
 Metaspace       used 58299K, committed 58752K, reserved 1105920K
  class space    used 7878K, committed 8128K, reserved 1048576K
}
Event: 17.703 GC heap after
{Heap after GC invocations=17 (full 0):
 garbage-first heap   total 63488K, used 24345K [0x0000000082c00000, 0x0000000100000000)
  region size 1024K, 3 young (3072K), 3 survivors (3072K)
 Metaspace       used 58299K, committed 58752K, reserved 1105920K
  class space    used 7878K, committed 8128K, reserved 1048576K
}
Event: 18.067 GC heap before
{Heap before GC invocations=17 (full 0):
 garbage-first heap   total 63488K, used 37657K [0x0000000082c00000, 0x0000000100000000)
  region size 1024K, 17 young (17408K), 3 survivors (3072K)
 Metaspace       used 59699K, committed 60096K, reserved 1105920K
  class space    used 8074K, committed 8256K, reserved 1048576K
}
Event: 18.075 GC heap after
{Heap after GC invocations=18 (full 0):
 garbage-first heap   total 63488K, used 24914K [0x0000000082c00000, 0x0000000100000000)
  region size 1024K, 3 young (3072K), 3 survivors (3072K)
 Metaspace       used 59699K, committed 60096K, reserved 1105920K
  class space    used 8074K, committed 8256K, reserved 1048576K
}
Event: 18.666 GC heap before
{Heap before GC invocations=19 (full 0):
 garbage-first heap   total 63488K, used 49490K [0x0000000082c00000, 0x0000000100000000)
  region size 1024K, 27 young (27648K), 3 survivors (3072K)
 Metaspace       used 60167K, committed 60672K, reserved 1105920K
  class space    used 8168K, committed 8384K, reserved 1048576K
}
Event: 18.674 GC heap after
{Heap after GC invocations=20 (full 0):
 garbage-first heap   total 63488K, used 25953K [0x0000000082c00000, 0x0000000100000000)
  region size 1024K, 2 young (2048K), 2 survivors (2048K)
 Metaspace       used 60167K, committed 60672K, reserved 1105920K
  class space    used 8168K, committed 8384K, reserved 1048576K
}
Event: 18.688 GC heap before
{Heap before GC invocations=20 (full 0):
 garbage-first heap   total 63488K, used 26977K [0x0000000082c00000, 0x0000000100000000)
  region size 1024K, 3 young (3072K), 2 survivors (2048K)
 Metaspace       used 60168K, committed 60672K, reserved 1105920K
  class space    used 8169K, committed 8384K, reserved 1048576K
}
Event: 18.695 GC heap after
{Heap after GC invocations=21 (full 0):
 garbage-first heap   total 63488K, used 25845K [0x0000000082c00000, 0x0000000100000000)
  region size 1024K, 1 young (1024K), 1 survivors (1024K)
 Metaspace       used 60168K, committed 60672K, reserved 1105920K
  class space    used 8169K, committed 8384K, reserved 1048576K
}
Event: 19.116 GC heap before
{Heap before GC invocations=21 (full 0):
 garbage-first heap   total 63488K, used 50421K [0x0000000082c00000, 0x0000000100000000)
  region size 1024K, 25 young (25600K), 1 survivors (1024K)
 Metaspace       used 60715K, committed 61248K, reserved 1105920K
  class space    used 8233K, committed 8448K, reserved 1048576K
}
Event: 19.122 GC heap after
{Heap after GC invocations=22 (full 0):
 garbage-first heap   total 137216K, used 26456K [0x0000000082c00000, 0x0000000100000000)
  region size 1024K, 1 young (1024K), 1 survivors (1024K)
 Metaspace       used 60715K, committed 61248K, reserved 1105920K
  class space    used 8233K, committed 8448K, reserved 1048576K
}
Event: 248.562 GC heap before
{Heap before GC invocations=22 (full 0):
 garbage-first heap   total 137216K, used 106328K [0x0000000082c00000, 0x0000000100000000)
  region size 1024K, 80 young (81920K), 1 survivors (1024K)
 Metaspace       used 70937K, committed 71488K, reserved 1114112K
  class space    used 9646K, committed 9856K, reserved 1048576K
}
Event: 248.591 GC heap after
{Heap after GC invocations=23 (full 0):
 garbage-first heap   total 137216K, used 30507K [0x0000000082c00000, 0x0000000100000000)
  region size 1024K, 5 young (5120K), 5 survivors (5120K)
 Metaspace       used 70937K, committed 71488K, reserved 1114112K
  class space    used 9646K, committed 9856K, reserved 1048576K
}
Event: 1094.166 GC heap before
{Heap before GC invocations=23 (full 0):
 garbage-first heap   total 137216K, used 103211K [0x0000000082c00000, 0x0000000100000000)
  region size 1024K, 77 young (78848K), 5 survivors (5120K)
 Metaspace       used 73840K, committed 74368K, reserved 1114112K
  class space    used 10113K, committed 10368K, reserved 1048576K
}
Event: 1094.184 GC heap after
{Heap after GC invocations=24 (full 0):
 garbage-first heap   total 137216K, used 32701K [0x0000000082c00000, 0x0000000100000000)
  region size 1024K, 7 young (7168K), 7 survivors (7168K)
 Metaspace       used 73840K, committed 74368K, reserved 1114112K
  class space    used 10113K, committed 10368K, reserved 1048576K
}
Event: 2291.046 GC heap before
{Heap before GC invocations=24 (full 0):
 garbage-first heap   total 137216K, used 107453K [0x0000000082c00000, 0x0000000100000000)
  region size 1024K, 80 young (81920K), 7 survivors (7168K)
 Metaspace       used 74089K, committed 74688K, reserved 1114112K
  class space    used 10116K, committed 10368K, reserved 1048576K
}
Event: 2291.061 GC heap after
{Heap after GC invocations=25 (full 0):
 garbage-first heap   total 137216K, used 33011K [0x0000000082c00000, 0x0000000100000000)
  region size 1024K, 3 young (3072K), 3 survivors (3072K)
 Metaspace       used 74089K, committed 74688K, reserved 1114112K
  class space    used 10116K, committed 10368K, reserved 1048576K
}

Deoptimization events (20 events):
Event: 1053.871 Thread 0x000001db00924000 DEOPT PACKING pc=0x000001db6bd2dca4 sp=0x000000d2acff2e20
Event: 1053.871 Thread 0x000001db00924000 DEOPT UNPACKING pc=0x000001db6b4c239d sp=0x000000d2acff2db0 mode 2
Event: 1055.228 Thread 0x000001db00925810 DEOPT PACKING pc=0x000001db647d6443 sp=0x000000d2aa7fdae0
Event: 1055.228 Thread 0x000001db00925810 DEOPT UNPACKING pc=0x000001db6b4c2b24 sp=0x000000d2aa7fcf68 mode 0
Event: 2820.730 Thread 0x000001db00925ce0 DEOPT PACKING pc=0x000001db647d6443 sp=0x000000d2aa9fe080
Event: 2820.730 Thread 0x000001db00925ce0 DEOPT UNPACKING pc=0x000001db6b4c2b24 sp=0x000000d2aa9fd508 mode 0
Event: 2983.762 Thread 0x000001db00925ce0 DEOPT PACKING pc=0x000001db64924f42 sp=0x000000d2aa7fdae0
Event: 2983.762 Thread 0x000001db00925ce0 DEOPT UNPACKING pc=0x000001db6b4c2b24 sp=0x000000d2aa7fcfa0 mode 0
Event: 3000.647 Thread 0x000001db00923660 Uncommon trap: trap_request=0xffffff45 fr.pc=0x000001db6bbb61ac relative=0x000000000000024c
Event: 3000.647 Thread 0x000001db00923660 Uncommon trap: reason=unstable_if action=reinterpret pc=0x000001db6bbb61ac method=org.springframework.beans.factory.support.AbstractAutowireCapableBeanFactory.determineTargetType(Ljava/lang/String;Lorg/springframework/beans/factory/support/RootBeanDefinit
Event: 3000.647 Thread 0x000001db00923660 DEOPT PACKING pc=0x000001db6bbb61ac sp=0x000000d2acdfa0a0
Event: 3000.647 Thread 0x000001db00923660 DEOPT UNPACKING pc=0x000001db6b4c239d sp=0x000000d2acdfa088 mode 2
Event: 3000.660 Thread 0x000001db00923660 Uncommon trap: trap_request=0xffffff45 fr.pc=0x000001db6ba776c8 relative=0x00000000000000a8
Event: 3000.660 Thread 0x000001db00923660 Uncommon trap: reason=unstable_if action=reinterpret pc=0x000001db6ba776c8 method=java.lang.AbstractStringBuilder.isLatin1()Z @ 10 c2
Event: 3000.660 Thread 0x000001db00923660 DEOPT PACKING pc=0x000001db6ba776c8 sp=0x000000d2acdfa060
Event: 3000.660 Thread 0x000001db00923660 DEOPT UNPACKING pc=0x000001db6b4c239d sp=0x000000d2acdf9f48 mode 2
Event: 3000.660 Thread 0x000001db00923660 Uncommon trap: trap_request=0xffffff45 fr.pc=0x000001db6ba77ac8 relative=0x00000000000000a8
Event: 3000.660 Thread 0x000001db00923660 Uncommon trap: reason=unstable_if action=reinterpret pc=0x000001db6ba77ac8 method=java.lang.AbstractStringBuilder.isLatin1()Z @ 10 c2
Event: 3000.660 Thread 0x000001db00923660 DEOPT PACKING pc=0x000001db6ba77ac8 sp=0x000000d2acdfa000
Event: 3000.660 Thread 0x000001db00923660 DEOPT UNPACKING pc=0x000001db6b4c239d sp=0x000000d2acdf9f50 mode 2

Classes unloaded (0 events):
No events

Classes redefined (0 events):
No events

Internal exceptions (20 events):
Event: 18.806 Thread 0x000001db7ae7ba80 Exception <a 'java/lang/reflect/InvocationTargetException'{0x0000000086018318}> (0x0000000086018318) 
thrown [s\open\src\hotspot\share\runtime\reflection.cpp, line 1121]
Event: 18.814 Thread 0x000001db7ae7ba80 Exception <a 'java/lang/reflect/InvocationTargetException'{0x00000000860243b0}> (0x00000000860243b0) 
thrown [s\open\src\hotspot\share\runtime\reflection.cpp, line 1121]
Event: 18.907 Thread 0x000001db7ae7ba80 Exception <a 'java/lang/reflect/InvocationTargetException'{0x0000000085983898}> (0x0000000085983898) 
thrown [s\open\src\hotspot\share\runtime\reflection.cpp, line 1121]
Event: 18.911 Thread 0x000001db7ae7ba80 Exception <a 'java/lang/reflect/InvocationTargetException'{0x000000008598fc48}> (0x000000008598fc48) 
thrown [s\open\src\hotspot\share\runtime\reflection.cpp, line 1121]
Event: 19.050 Thread 0x000001db7ae7ba80 Implicit null exception at 0x000001db6bb02e41 to 0x000001db6bb031e3
Event: 19.113 Thread 0x000001db7ae7ba80 Exception <a 'java/lang/reflect/InvocationTargetException'{0x00000000851b30b8}> (0x00000000851b30b8) 
thrown [s\open\src\hotspot\share\runtime\reflection.cpp, line 1121]
Event: 19.889 Thread 0x000001db7ae7ba80 Exception <a 'java/lang/IncompatibleClassChangeError'{0x0000000089f91208}: Found class java.lang.Object, but interface was expected> (0x0000000089f91208) 
thrown [s\open\src\hotspot\share\interpreter\linkResolver.cpp, line 826]
Event: 20.007 Thread 0x000001db7ae7ba80 Implicit null exception at 0x000001db6bc2e1ec to 0x000001db6bc2e294
Event: 20.148 Thread 0x000001db7ae7ba80 Exception <a 'java/lang/NoSuchMethodError'{0x000000008974de08}: 'java.lang.Object java.lang.invoke.DirectMethodHandle$Holder.invokeInterface(java.lang.Object, java.lang.Object, java.lang.Object, java.lang.Object)'> (0x000000008974de08) 
thrown [s\open\src\hotspot\share\interpreter\linkResolver.cpp, line 759]
Event: 20.240 Thread 0x000001db7ae7ba80 Exception <a 'java/lang/NoSuchMethodError'{0x000000008954f958}: 'void java.lang.invoke.DirectMethodHandle$Holder.invokeVirtual(java.lang.Object, java.lang.Object, int)'> (0x000000008954f958) 
thrown [s\open\src\hotspot\share\interpreter\linkResolver.cpp, line 759]
Event: 20.242 Thread 0x000001db7ae7ba80 Exception <a 'java/lang/NoSuchMethodError'{0x000000008956a308}: 'void java.lang.invoke.DirectMethodHandle$Holder.invokeVirtual(java.lang.Object, java.lang.Object, long)'> (0x000000008956a308) 
thrown [s\open\src\hotspot\share\interpreter\linkResolver.cpp, line 759]
Event: 20.457 Thread 0x000001db7ae7ba80 Implicit null exception at 0x000001db6bcac6d2 to 0x000001db6bcac8e0
Event: 20.693 Thread 0x000001db7ae7ba80 Exception <a 'java/lang/NoSuchMethodError'{0x0000000088ac16f8}: 'java.lang.Object java.lang.invoke.DirectMethodHandle$Holder.newInvokeSpecial(java.lang.Object, java.lang.Object, int, java.lang.Object, java.lang.Object)'> (0x0000000088ac16f8) 
thrown [s\open\src\hotspot\share\interpreter\linkResolver.cpp, line 759]
Event: 20.694 Thread 0x000001db7ae7ba80 Exception <a 'java/lang/NoSuchMethodError'{0x0000000088acca88}: 'java.lang.Object java.lang.invoke.DirectMethodHandle$Holder.invokeSpecial(java.lang.Object, java.lang.Object, int, java.lang.Object, int, java.lang.Object)'> (0x0000000088acca88) 
thrown [s\open\src\hotspot\share\interpreter\linkResolver.cpp, line 759]
Event: 20.695 Thread 0x000001db7ae7ba80 Exception <a 'java/lang/NoSuchMethodError'{0x0000000088ad4aa8}: 'java.lang.Object java.lang.invoke.DirectMethodHandle$Holder.newInvokeSpecial(java.lang.Object, java.lang.Object, int, java.lang.Object, int)'> (0x0000000088ad4aa8) 
thrown [s\open\src\hotspot\share\interpreter\linkResolver.cpp, line 759]
Event: 20.696 Thread 0x000001db7ae7ba80 Exception <a 'java/lang/NoSuchMethodError'{0x0000000088ad8ba8}: 'java.lang.Object java.lang.invoke.DirectMethodHandle$Holder.invokeSpecial(java.lang.Object, java.lang.Object, java.lang.Object, int, java.lang.Object, int)'> (0x0000000088ad8ba8) 
thrown [s\open\src\hotspot\share\interpreter\linkResolver.cpp, line 759]
Event: 45.380 Thread 0x000001db7bd83360 Exception <a 'java/lang/NoSuchMethodError'{0x0000000088053508}: 'java.lang.Object java.lang.invoke.DirectMethodHandle$Holder.invokeSpecial(java.lang.Object, java.lang.Object, java.lang.Object, java.lang.Object, java.lang.Object, long)'> (0x0000000088053508) 
thrown [s\open\src\hotspot\share\interpreter\linkResolver.cpp, line 759]
Event: 45.380 Thread 0x000001db7bd83360 Exception <a 'java/lang/NoSuchMethodError'{0x0000000088056f48}: 'java.lang.Object java.lang.invoke.Invokers$Holder.linkToTargetMethod(java.lang.Object, java.lang.Object, java.lang.Object, long, java.lang.Object)'> (0x0000000088056f48) 
thrown [s\open\src\hotspot\share\interpreter\linkResolver.cpp, line 759]
Event: 46.480 Thread 0x000001db7bd83830 Exception <a 'java/lang/IncompatibleClassChangeError'{0x00000000876c3718}: Found class java.lang.Object, but interface was expected> (0x00000000876c3718) 
thrown [s\open\src\hotspot\share\interpreter\linkResolver.cpp, line 826]
Event: 1054.056 Thread 0x000001db00924000 Exception <a 'java/lang/NoSuchMethodError'{0x0000000086ee4ba8}: 'int java.lang.invoke.DirectMethodHandle$Holder.invokeStatic(java.lang.Object)'> (0x0000000086ee4ba8) 
thrown [s\open\src\hotspot\share\interpreter\linkResolver.cpp, line 759]

VM Operations (20 events):
Event: 2841.398 Executing VM operation: Cleanup
Event: 2841.398 Executing VM operation: Cleanup done
Event: 2842.409 Executing VM operation: Cleanup
Event: 2842.409 Executing VM operation: Cleanup done
Event: 2846.443 Executing VM operation: Cleanup
Event: 2846.443 Executing VM operation: Cleanup done
Event: 2883.728 Executing VM operation: Cleanup
Event: 2883.728 Executing VM operation: Cleanup done
Event: 2888.775 Executing VM operation: Cleanup
Event: 2888.775 Executing VM operation: Cleanup done
Event: 2982.480 Executing VM operation: Cleanup
Event: 2982.480 Executing VM operation: Cleanup done
Event: 2983.486 Executing VM operation: Cleanup
Event: 2983.486 Executing VM operation: Cleanup done
Event: 2984.499 Executing VM operation: Cleanup
Event: 2984.499 Executing VM operation: Cleanup done
Event: 2985.507 Executing VM operation: Cleanup
Event: 2985.507 Executing VM operation: Cleanup done
Event: 2986.510 Executing VM operation: Cleanup
Event: 2986.510 Executing VM operation: Cleanup done

Events (20 events):
Event: 1053.333 loading class java/util/EmptyStackException
Event: 1053.333 loading class java/util/EmptyStackException done
Event: 1053.360 loading class java/io/InvalidClassException
Event: 1053.360 loading class java/io/InvalidClassException done
Event: 1053.575 Thread 0x000001db00925340 Thread exited: 0x000001db00925340
Event: 1061.462 Thread 0x000001db00925810 Thread exited: 0x000001db00925810
Event: 1194.945 Thread 0x000001db00925810 Thread added: 0x000001db00925810
Event: 1199.968 Thread 0x000001db00925810 Thread exited: 0x000001db00925810
Event: 1812.767 Thread 0x000001db00925810 Thread added: 0x000001db00925810
Event: 1817.781 Thread 0x000001db00925810 Thread exited: 0x000001db00925810
Event: 2818.915 Thread 0x000001db00925810 Thread added: 0x000001db00925810
Event: 2818.915 Thread 0x000001db00925ce0 Thread added: 0x000001db00925ce0
Event: 2823.935 Thread 0x000001db00925810 Thread exited: 0x000001db00925810
Event: 2830.680 Thread 0x000001db00925ce0 Thread exited: 0x000001db00925ce0
Event: 2840.738 Thread 0x000001db00925810 Thread added: 0x000001db00925810
Event: 2840.738 Thread 0x000001db00925ce0 Thread added: 0x000001db00925ce0
Event: 2845.744 Thread 0x000001db00925810 Thread exited: 0x000001db00925810
Event: 2848.026 Thread 0x000001db00925ce0 Thread exited: 0x000001db00925ce0
Event: 2981.986 Thread 0x000001db00925ce0 Thread added: 0x000001db00925ce0
Event: 2990.225 Thread 0x000001db00925ce0 Thread exited: 0x000001db00925ce0


Dynamic libraries:
0x00007ff7e3360000 - 0x00007ff7e3370000 	C:\Program Files\Java\jdk-17\bin\java.exe
0x00007ffaad550000 - 0x00007ffaad748000 	C:\WINDOWS\SYSTEM32\ntdll.dll
0x00007ffaac330000 - 0x00007ffaac3ef000 	C:\WINDOWS\System32\KERNEL32.DLL
0x00007ffaaadc0000 - 0x00007ffaab09a000 	C:\WINDOWS\System32\KERNELBASE.dll
0x00007ffaab280000 - 0x00007ffaab380000 	C:\WINDOWS\System32\ucrtbase.dll
0x00007ffaa40c0000 - 0x00007ffaa40d8000 	C:\Program Files\Java\jdk-17\bin\jli.dll
0x00007ffaacb70000 - 0x00007ffaacc1e000 	C:\WINDOWS\System32\ADVAPI32.dll
0x00007ffaad250000 - 0x00007ffaad2ee000 	C:\WINDOWS\System32\msvcrt.dll
0x00007ffaacc30000 - 0x00007ffaacccc000 	C:\WINDOWS\System32\sechost.dll
0x00007ffaab640000 - 0x00007ffaab766000 	C:\WINDOWS\System32\RPCRT4.dll
0x00007ffaad0b0000 - 0x00007ffaad24d000 	C:\WINDOWS\System32\USER32.dll
0x00007ffaab250000 - 0x00007ffaab272000 	C:\WINDOWS\System32\win32u.dll
0x00007ffaaca90000 - 0x00007ffaacabb000 	C:\WINDOWS\System32\GDI32.dll
0x00007ffaab400000 - 0x00007ffaab510000 	C:\WINDOWS\System32\gdi32full.dll
0x00007ffaab510000 - 0x00007ffaab5ad000 	C:\WINDOWS\System32\msvcp_win.dll
0x00007ffaa3550000 - 0x00007ffaa356b000 	C:\Program Files\Java\jdk-17\bin\VCRUNTIME140.dll
0x00007ffa92270000 - 0x00007ffa9250a000 	C:\WINDOWS\WinSxS\amd64_microsoft.windows.common-controls_6595b64144ccf1df_6.0.19041.1110_none_60b5254171f9507e\COMCTL32.dll
0x00007ffaa1e10000 - 0x00007ffaa1e1a000 	C:\WINDOWS\SYSTEM32\VERSION.dll
0x00007ffaab770000 - 0x00007ffaab7a0000 	C:\WINDOWS\System32\IMM32.DLL
0x00007ffaa4800000 - 0x00007ffaa480c000 	C:\Program Files\Java\jdk-17\bin\vcruntime140_1.dll
0x00007ffa8ef70000 - 0x00007ffa8effe000 	C:\Program Files\Java\jdk-17\bin\msvcp140.dll
0x00007ffa553e0000 - 0x00007ffa55fb7000 	C:\Program Files\Java\jdk-17\bin\server\jvm.dll
0x00007ffaacc20000 - 0x00007ffaacc28000 	C:\WINDOWS\System32\PSAPI.DLL
0x00007ffa975b0000 - 0x00007ffa975b9000 	C:\WINDOWS\SYSTEM32\WSOCK32.dll
0x00007ffaad360000 - 0x00007ffaad3cb000 	C:\WINDOWS\System32\WS2_32.dll
0x00007ffa86600000 - 0x00007ffa86627000 	C:\WINDOWS\SYSTEM32\WINMM.dll
0x00007ffaa94b0000 - 0x00007ffaa94c2000 	C:\WINDOWS\SYSTEM32\kernel.appcore.dll
0x00007ffaa44d0000 - 0x00007ffaa44da000 	C:\Program Files\Java\jdk-17\bin\jimage.dll
0x00007ffaa91c0000 - 0x00007ffaa93a4000 	C:\WINDOWS\SYSTEM32\DBGHELP.DLL
0x00007ffa92510000 - 0x00007ffa92544000 	C:\WINDOWS\SYSTEM32\dbgcore.DLL
0x00007ffaab150000 - 0x00007ffaab1d2000 	C:\WINDOWS\System32\bcryptPrimitives.dll
0x00007ffaa3090000 - 0x00007ffaa30b5000 	C:\Program Files\Java\jdk-17\bin\java.dll
0x00007ffa78100000 - 0x00007ffa781d7000 	C:\Program Files\Java\jdk-17\bin\jsvml.dll
0x00007ffaabbd0000 - 0x00007ffaac314000 	C:\WINDOWS\System32\SHELL32.dll
0x00007ffaa8950000 - 0x00007ffaa90e3000 	C:\WINDOWS\SYSTEM32\windows.storage.dll
0x00007ffaacd50000 - 0x00007ffaad0a4000 	C:\WINDOWS\System32\combase.dll
0x00007ffaaa5e0000 - 0x00007ffaaa60e000 	C:\WINDOWS\SYSTEM32\Wldp.dll
0x00007ffaacac0000 - 0x00007ffaacb6d000 	C:\WINDOWS\System32\SHCORE.dll
0x00007ffaad300000 - 0x00007ffaad355000 	C:\WINDOWS\System32\shlwapi.dll
0x00007ffaaaba0000 - 0x00007ffaaabbf000 	C:\WINDOWS\SYSTEM32\profapi.dll
0x00007ffaa3530000 - 0x00007ffaa3549000 	C:\Program Files\Java\jdk-17\bin\net.dll
0x00007ffa9a140000 - 0x00007ffa9a24a000 	C:\WINDOWS\SYSTEM32\WINHTTP.dll
0x00007ffaaa340000 - 0x00007ffaaa3aa000 	C:\WINDOWS\system32\mswsock.dll
0x00007ffaa2e10000 - 0x00007ffaa2e26000 	C:\Program Files\Java\jdk-17\bin\nio.dll
0x00007ffaa2df0000 - 0x00007ffaa2e08000 	C:\Program Files\Java\jdk-17\bin\zip.dll
0x00007ffaa2e40000 - 0x00007ffaa2e4a000 	C:\Program Files\Java\jdk-17\bin\management.dll
0x00007ffaa2de0000 - 0x00007ffaa2deb000 	C:\Program Files\Java\jdk-17\bin\management_ext.dll
0x00007ffaa4100000 - 0x00007ffaa4110000 	C:\Program Files\Java\jdk-17\bin\verify.dll
0x00007ffaaa530000 - 0x00007ffaaa548000 	C:\WINDOWS\SYSTEM32\CRYPTSP.dll
0x00007ffaa9c60000 - 0x00007ffaa9c94000 	C:\WINDOWS\system32\rsaenh.dll
0x00007ffaab380000 - 0x00007ffaab3a7000 	C:\WINDOWS\System32\bcrypt.dll
0x00007ffaaab60000 - 0x00007ffaaab8e000 	C:\WINDOWS\SYSTEM32\USERENV.dll
0x00007ffaaa550000 - 0x00007ffaaa55c000 	C:\WINDOWS\SYSTEM32\CRYPTBASE.dll
0x00007ffaaa030000 - 0x00007ffaaa06c000 	C:\WINDOWS\SYSTEM32\IPHLPAPI.DLL
0x00007ffaad2f0000 - 0x00007ffaad2f8000 	C:\WINDOWS\System32\NSI.dll
0x00007ffa9f800000 - 0x00007ffa9f817000 	C:\WINDOWS\SYSTEM32\dhcpcsvc6.DLL
0x00007ffaa0a50000 - 0x00007ffaa0a6d000 	C:\WINDOWS\SYSTEM32\dhcpcsvc.DLL
0x00007ffaaa070000 - 0x00007ffaaa13b000 	C:\WINDOWS\SYSTEM32\DNSAPI.dll
0x00007ffaa2dd0000 - 0x00007ffaa2ddd000 	C:\Program Files\Java\jdk-17\bin\sunmscapi.dll
0x00007ffaaac60000 - 0x00007ffaaadb6000 	C:\WINDOWS\System32\CRYPT32.dll
0x00007ffaaa650000 - 0x00007ffaaa678000 	C:\WINDOWS\SYSTEM32\ncrypt.dll
0x00007ffaaa610000 - 0x00007ffaaa64b000 	C:\WINDOWS\SYSTEM32\NTASN1.dll
0x00007ffa99270000 - 0x00007ffa9927a000 	C:\Windows\System32\rasadhlp.dll
0x00007ffa99610000 - 0x00007ffa99690000 	C:\WINDOWS\System32\fwpuclnt.dll
0x00007ffaa2ce0000 - 0x00007ffaa2ce7000 	C:\WINDOWS\system32\wshunix.dll

dbghelp: loaded successfully - version: 4.0.5 - missing functions: none
symbol engine: initialized successfully - sym options: 0x614 - pdb path: .;C:\Program Files\Java\jdk-17\bin;C:\WINDOWS\SYSTEM32;C:\WINDOWS\WinSxS\amd64_microsoft.windows.common-controls_6595b64144ccf1df_6.0.19041.1110_none_60b5254171f9507e;C:\Program Files\Java\jdk-17\bin\server

VM Arguments:
java_command: com.porfolio.GerM.GermApplication
java_class_path (initial): C:\Users\USUARIO\Desktop\deploy-bakend\porfolio-backend-GM\target\classes;C:\Users\USUARIO\.m2\repository\org\springframework\boot\spring-boot-starter-data-jpa\3.0.5\spring-boot-starter-data-jpa-3.0.5.jar;C:\Users\USUARIO\.m2\repository\org\springframework\boot\spring-boot-starter-aop\3.0.5\spring-boot-starter-aop-3.0.5.jar;C:\Users\USUARIO\.m2\repository\org\aspectj\aspectjweaver\1.9.19\aspectjweaver-1.9.19.jar;C:\Users\USUARIO\.m2\repository\org\springframework\boot\spring-boot-starter-jdbc\3.0.5\spring-boot-starter-jdbc-3.0.5.jar;C:\Users\USUARIO\.m2\repository\com\zaxxer\HikariCP\5.0.1\HikariCP-5.0.1.jar;C:\Users\USUARIO\.m2\repository\org\springframework\spring-jdbc\6.0.7\spring-jdbc-6.0.7.jar;C:\Users\USUARIO\.m2\repository\org\hibernate\orm\hibernate-core\6.1.7.Final\hibernate-core-6.1.7.Final.jar;C:\Users\USUARIO\.m2\repository\jakarta\persistence\jakarta.persistence-api\3.1.0\jakarta.persistence-api-3.1.0.jar;C:\Users\USUARIO\.m2\repository\jakarta\transaction\jakarta.transaction-api\2.0.1\jakarta.transaction-api-2.0.1.jar;C:\Users\USUARIO\.m2\repository\org\jboss\logging\jboss-logging\3.5.0.Final\jboss-logging-3.5.0.Final.jar;C:\Users\USUARIO\.m2\repository\org\hibernate\common\hibernate-commons-annotations\6.0.6.Final\hibernate-commons-annotations-6.0.6.Final.jar;C:\Users\USUARIO\.m2\repository\org\jboss\jandex\2.4.2.Final\jandex-2.4.2.Final.jar;C:\Users\USUARIO\.m2\repository\com\fasterxml\classmate\1.5.1\classmate-1.5.1.jar;C:\Users\USUARIO\.m2\repository\net\bytebuddy\byte-buddy\1.12.23\byte-buddy-1.12.23.jar;C:\Users\USUARIO\.m2\repository\org\glassfish\jaxb\jaxb-runtime\4.0.2\jaxb-runtime-4.0.2.jar;C:\Users\USUARIO\.m2\repository\org\glassfish\jaxb\jaxb-core\4.0.2\jaxb-core-4.0.2.jar;C:\Users\USUARIO\.m2\repository\org\eclipse\angus\angus-activation\2.0.0\angus-activation-2.0.0.jar;C:\Users\USUARIO\.m2\repository\org\glassfish\jaxb\txw2\4.0.2\txw2-4.0.2.jar;C:\Users\USUARIO\.m2\repository\com\sun\istack\istack-commons-run
Launcher Type: SUN_STANDARD

[Global flags]
     intx CICompilerCount                          = 2                                         {product} {ergonomic}
     uint ConcGCThreads                            = 1                                         {product} {ergonomic}
     uint G1ConcRefinementThreads                  = 2                                         {product} {ergonomic}
   size_t G1HeapRegionSize                         = 1048576                                   {product} {ergonomic}
    uintx GCDrainStackTargetSize                   = 64                                        {product} {ergonomic}
   size_t InitialHeapSize                          = 132120576                                 {product} {ergonomic}
   size_t MarkStackSize                            = 4194304                                   {product} {ergonomic}
   size_t MaxHeapSize                              = 2101346304                                {product} {ergonomic}
   size_t MaxNewSize                               = 1260388352                                {product} {ergonomic}
   size_t MinHeapDeltaBytes                        = 1048576                                   {product} {ergonomic}
   size_t MinHeapSize                              = 8388608                                   {product} {ergonomic}
    uintx NonNMethodCodeHeapSize                   = 5826188                                {pd product} {ergonomic}
    uintx NonProfiledCodeHeapSize                  = 122916026                              {pd product} {ergonomic}
    uintx ProfiledCodeHeapSize                     = 122916026                              {pd product} {ergonomic}
    uintx ReservedCodeCacheSize                    = 251658240                              {pd product} {ergonomic}
     bool SegmentedCodeCache                       = true                                      {product} {ergonomic}
   size_t SoftMaxHeapSize                          = 2101346304                             {manageable} {ergonomic}
     bool UseCompressedClassPointers               = true                           {product lp64_product} {ergonomic}
     bool UseCompressedOops                        = true                           {product lp64_product} {ergonomic}
     bool UseG1GC                                  = true                                      {product} {ergonomic}
     bool UseLargePagesIndividualAllocation        = false                                  {pd product} {ergonomic}

Logging:
Log output configuration:
 #0: stdout all=warning uptime,level,tags
 #1: stderr all=off uptime,level,tags

Environment Variables:
JAVA_HOME=C:\Program Files\Java\jdk-17
PATH=C:\Program Files\Common Files\Oracle\Java\javapath;C:\Program Files (x86)\Common Files\Oracle\Java\javapath;C:\WINDOWS\system32;C:\WINDOWS;C:\WINDOWS\System32\Wbem;C:\WINDOWS\System32\WindowsPowerShell\v1.0\;C:\WINDOWS\System32\OpenSSH\;C:\Program Files\Git\cmd;C:\Program Files\nodejs\;C:\Users\USUARIO\AppData\Local\Microsoft\WindowsApps;C:\Users\USUARIO\AppData\Local\Programs\Microsoft VS Code\bin;C:\Users\USUARIO\AppData\Local\GitHubDesktop\bin;C:\Users\USUARIO\AppData\Roaming\npm
USERNAME=USUARIO
OS=Windows_NT
PROCESSOR_IDENTIFIER=Intel64 Family 6 Model 122 Stepping 8, GenuineIntel



---------------  S Y S T E M  ---------------

OS:
 Windows 10 , 64 bit Build 19041 (10.0.19041.2788)
OS uptime: 0 days 2:11 hours

CPU: total 2 (initial active 2) (2 cores per cpu, 1 threads per core) family 6 model 122 stepping 8 microcode 0xc, cx8, cmov, fxsr, mmx, 3dnowpref, sse, sse2, sse3, ssse3, sse4.1, sse4.2, popcnt, tsc, tscinvbit, aes, erms, clmul, sha, clflush, clflushopt

Memory: 4k page, system-wide physical 8010M (1452M free)
TotalPageFile size 15690M (AvailPageFile size 4715M)
current process WorkingSet (physical memory assigned to process): 304M, peak: 326M
current process commit charge ("private bytes"): 345M, peak: 359M

vm_info: Java HotSpot(TM) 64-Bit Server VM (17.0.6+9-LTS-190) for windows-amd64 JRE (17.0.6+9-LTS-190), built on Dec  6 2022 15:53:54 by "mach5one" with MS VC++ 17.1 (VS2022)

END.
